[0.121s] Invoking command in '/home/yu/me326_ros2_ws/build/locobot_base_control': CMAKE_PREFIX_PATH=/home/yu/me326_ros2_ws/install/locobot_base_control:/home/yu/interbotix_ws/install/interbotix_moveit_interface:/home/yu/interbotix_ws/install/moveit_visual_tools:/home/yu/interbotix_ws/install/interbotix_xslocobot_sim:/home/yu/interbotix_ws/install/interbotix_xslocobot_descriptions:/home/yu/interbotix_ws/install/interbotix_xs_toolbox:/home/yu/interbotix_ws/install/interbotix_xs_rviz:/home/yu/interbotix_ws/install/interbotix_xs_ros_control:/home/yu/interbotix_ws/install/interbotix_perception_toolbox:/home/yu/interbotix_ws/install/interbotix_perception_pipelines:/home/yu/interbotix_ws/install/interbotix_xs_msgs:/home/yu/interbotix_ws/install/interbotix_tf_tools:/home/yu/interbotix_ws/install/interbotix_perception_msgs:/home/yu/interbotix_ws/install/interbotix_moveit_interface_msgs:/home/yu/interbotix_ws/install/interbotix_common_toolbox:/home/yu/interbotix_ws/install/interbotix_common_sim:/home/yu/interbotix_ws/install/interbotix_xs_modules:/home/yu/interbotix_ws/install/interbotix_perception_modules:/home/yu/interbotix_ws/install/interbotix_common_modules:/opt/ros/galactic:/home/yu/me326_ws/install/me326_locobot_example /usr/bin/cmake /home/yu/me326_ros2_ws/src/locobot_base_control -DCMAKE_INSTALL_PREFIX=/home/yu/me326_ros2_ws/install/locobot_base_control
[0.151s] -- The C compiler identification is GNU 9.4.0
[0.181s] -- The CXX compiler identification is GNU 9.4.0
[0.184s] -- Check for working C compiler: /usr/bin/cc
[0.223s] -- Check for working C compiler: /usr/bin/cc -- works
[0.223s] -- Detecting C compiler ABI info
[0.263s] -- Detecting C compiler ABI info - done
[0.269s] -- Detecting C compile features
[0.269s] -- Detecting C compile features - done
[0.271s] -- Check for working CXX compiler: /usr/bin/c++
[0.318s] -- Check for working CXX compiler: /usr/bin/c++ -- works
[0.319s] -- Detecting CXX compiler ABI info
[0.364s] -- Detecting CXX compiler ABI info - done
[0.370s] -- Detecting CXX compile features
[0.370s] -- Detecting CXX compile features - done
[0.372s] -- Found ament_cmake: 1.1.6 (/opt/ros/galactic/share/ament_cmake/cmake)
[0.387s] -- Found PythonInterp: /usr/bin/python3 (found suitable version "3.8.10", minimum required is "3") 
[0.387s] -- Using PYTHON_EXECUTABLE: /usr/bin/python3
[0.436s] -- Found rclcpp: 9.2.2 (/opt/ros/galactic/share/rclcpp/cmake)
[0.467s] -- Using all available rosidl_typesupport_c: rosidl_typesupport_fastrtps_c;rosidl_typesupport_introspection_c
[0.472s] -- Found rosidl_adapter: 2.2.3 (/opt/ros/galactic/share/rosidl_adapter/cmake)
[0.520s] -- Found OpenSSL: /usr/lib/x86_64-linux-gnu/libcrypto.so (found version "1.1.1f")  
[0.537s] -- Found FastRTPS: /opt/ros/galactic/include  
[0.581s] -- Using all available rosidl_typesupport_cpp: rosidl_typesupport_fastrtps_cpp;rosidl_typesupport_introspection_cpp
[0.617s] -- Found rmw_implementation_cmake: 3.3.1 (/opt/ros/galactic/share/rmw_implementation_cmake/cmake)
[0.619s] -- Found rmw_cyclonedds_cpp: 0.22.6 (/opt/ros/galactic/share/rmw_cyclonedds_cpp/cmake)
[0.630s] -- Using RMW implementation 'rmw_cyclonedds_cpp' as default
[0.631s] -- Looking for pthread.h
[0.671s] -- Looking for pthread.h - found
[0.671s] -- Performing Test CMAKE_HAVE_LIBC_PTHREAD
[0.714s] -- Performing Test CMAKE_HAVE_LIBC_PTHREAD - Failed
[0.714s] -- Looking for pthread_create in pthreads
[0.748s] -- Looking for pthread_create in pthreads - not found
[0.749s] -- Looking for pthread_create in pthread
[0.789s] -- Looking for pthread_create in pthread - found
[0.790s] -- Found Threads: TRUE  
[0.875s] -- Found ament_lint_auto: 0.10.7 (/opt/ros/galactic/share/ament_lint_auto/cmake)
[0.919s] -- Added test 'copyright' to check source files copyright and LICENSE
[0.920s] -- Added test 'flake8' to check Python code syntax and style conventions
[0.920s] -- Added test 'lint_cmake' to check CMake code style
[0.921s] -- Added test 'pep257' to check Python code against some of the style conventions in PEP 257
[0.921s] -- Added test 'xmllint' to check XML markup files
[0.923s] -- Configuring done
[0.924s] -- Generating done
[0.924s] -- Build files have been written to: /home/yu/me326_ros2_ws/build/locobot_base_control
[0.930s] Invoked command in '/home/yu/me326_ros2_ws/build/locobot_base_control' returned '0': CMAKE_PREFIX_PATH=/home/yu/me326_ros2_ws/install/locobot_base_control:/home/yu/interbotix_ws/install/interbotix_moveit_interface:/home/yu/interbotix_ws/install/moveit_visual_tools:/home/yu/interbotix_ws/install/interbotix_xslocobot_sim:/home/yu/interbotix_ws/install/interbotix_xslocobot_descriptions:/home/yu/interbotix_ws/install/interbotix_xs_toolbox:/home/yu/interbotix_ws/install/interbotix_xs_rviz:/home/yu/interbotix_ws/install/interbotix_xs_ros_control:/home/yu/interbotix_ws/install/interbotix_perception_toolbox:/home/yu/interbotix_ws/install/interbotix_perception_pipelines:/home/yu/interbotix_ws/install/interbotix_xs_msgs:/home/yu/interbotix_ws/install/interbotix_tf_tools:/home/yu/interbotix_ws/install/interbotix_perception_msgs:/home/yu/interbotix_ws/install/interbotix_moveit_interface_msgs:/home/yu/interbotix_ws/install/interbotix_common_toolbox:/home/yu/interbotix_ws/install/interbotix_common_sim:/home/yu/interbotix_ws/install/interbotix_xs_modules:/home/yu/interbotix_ws/install/interbotix_perception_modules:/home/yu/interbotix_ws/install/interbotix_common_modules:/opt/ros/galactic:/home/yu/me326_ws/install/me326_locobot_example /usr/bin/cmake /home/yu/me326_ros2_ws/src/locobot_base_control -DCMAKE_INSTALL_PREFIX=/home/yu/me326_ros2_ws/install/locobot_base_control
[0.930s] Invoking command in '/home/yu/me326_ros2_ws/build/locobot_base_control': CMAKE_PREFIX_PATH=/home/yu/me326_ros2_ws/install/locobot_base_control:/home/yu/interbotix_ws/install/interbotix_moveit_interface:/home/yu/interbotix_ws/install/moveit_visual_tools:/home/yu/interbotix_ws/install/interbotix_xslocobot_sim:/home/yu/interbotix_ws/install/interbotix_xslocobot_descriptions:/home/yu/interbotix_ws/install/interbotix_xs_toolbox:/home/yu/interbotix_ws/install/interbotix_xs_rviz:/home/yu/interbotix_ws/install/interbotix_xs_ros_control:/home/yu/interbotix_ws/install/interbotix_perception_toolbox:/home/yu/interbotix_ws/install/interbotix_perception_pipelines:/home/yu/interbotix_ws/install/interbotix_xs_msgs:/home/yu/interbotix_ws/install/interbotix_tf_tools:/home/yu/interbotix_ws/install/interbotix_perception_msgs:/home/yu/interbotix_ws/install/interbotix_moveit_interface_msgs:/home/yu/interbotix_ws/install/interbotix_common_toolbox:/home/yu/interbotix_ws/install/interbotix_common_sim:/home/yu/interbotix_ws/install/interbotix_xs_modules:/home/yu/interbotix_ws/install/interbotix_perception_modules:/home/yu/interbotix_ws/install/interbotix_common_modules:/opt/ros/galactic:/home/yu/me326_ws/install/me326_locobot_example /usr/bin/cmake --build /home/yu/me326_ros2_ws/build/locobot_base_control -- -j20 -l20
[0.955s] Invoked command in '/home/yu/me326_ros2_ws/build/locobot_base_control' returned '0': CMAKE_PREFIX_PATH=/home/yu/me326_ros2_ws/install/locobot_base_control:/home/yu/interbotix_ws/install/interbotix_moveit_interface:/home/yu/interbotix_ws/install/moveit_visual_tools:/home/yu/interbotix_ws/install/interbotix_xslocobot_sim:/home/yu/interbotix_ws/install/interbotix_xslocobot_descriptions:/home/yu/interbotix_ws/install/interbotix_xs_toolbox:/home/yu/interbotix_ws/install/interbotix_xs_rviz:/home/yu/interbotix_ws/install/interbotix_xs_ros_control:/home/yu/interbotix_ws/install/interbotix_perception_toolbox:/home/yu/interbotix_ws/install/interbotix_perception_pipelines:/home/yu/interbotix_ws/install/interbotix_xs_msgs:/home/yu/interbotix_ws/install/interbotix_tf_tools:/home/yu/interbotix_ws/install/interbotix_perception_msgs:/home/yu/interbotix_ws/install/interbotix_moveit_interface_msgs:/home/yu/interbotix_ws/install/interbotix_common_toolbox:/home/yu/interbotix_ws/install/interbotix_common_sim:/home/yu/interbotix_ws/install/interbotix_xs_modules:/home/yu/interbotix_ws/install/interbotix_perception_modules:/home/yu/interbotix_ws/install/interbotix_common_modules:/opt/ros/galactic:/home/yu/me326_ws/install/me326_locobot_example /usr/bin/cmake --build /home/yu/me326_ros2_ws/build/locobot_base_control -- -j20 -l20
[0.973s] Invoking command in '/home/yu/me326_ros2_ws/build/locobot_base_control': CMAKE_PREFIX_PATH=/home/yu/me326_ros2_ws/install/locobot_base_control:/home/yu/interbotix_ws/install/interbotix_moveit_interface:/home/yu/interbotix_ws/install/moveit_visual_tools:/home/yu/interbotix_ws/install/interbotix_xslocobot_sim:/home/yu/interbotix_ws/install/interbotix_xslocobot_descriptions:/home/yu/interbotix_ws/install/interbotix_xs_toolbox:/home/yu/interbotix_ws/install/interbotix_xs_rviz:/home/yu/interbotix_ws/install/interbotix_xs_ros_control:/home/yu/interbotix_ws/install/interbotix_perception_toolbox:/home/yu/interbotix_ws/install/interbotix_perception_pipelines:/home/yu/interbotix_ws/install/interbotix_xs_msgs:/home/yu/interbotix_ws/install/interbotix_tf_tools:/home/yu/interbotix_ws/install/interbotix_perception_msgs:/home/yu/interbotix_ws/install/interbotix_moveit_interface_msgs:/home/yu/interbotix_ws/install/interbotix_common_toolbox:/home/yu/interbotix_ws/install/interbotix_common_sim:/home/yu/interbotix_ws/install/interbotix_xs_modules:/home/yu/interbotix_ws/install/interbotix_perception_modules:/home/yu/interbotix_ws/install/interbotix_common_modules:/opt/ros/galactic:/home/yu/me326_ws/install/me326_locobot_example /usr/bin/cmake --install /home/yu/me326_ros2_ws/build/locobot_base_control
[0.978s] -- Install configuration: ""
[0.978s] -- Installing: /home/yu/me326_ros2_ws/install/locobot_base_control/share/locobot_base_control//launch
[0.978s] -- Installing: /home/yu/me326_ros2_ws/install/locobot_base_control/share/locobot_base_control//launch/circular_control.launch.py
[0.978s] -- Installing: /home/yu/me326_ros2_ws/install/locobot_base_control/lib/locobot_base_control/circular_control.py
[0.978s] -- Installing: /home/yu/me326_ros2_ws/install/locobot_base_control/share/ament_index/resource_index/package_run_dependencies/locobot_base_control
[0.978s] -- Installing: /home/yu/me326_ros2_ws/install/locobot_base_control/share/ament_index/resource_index/parent_prefix_path/locobot_base_control
[0.978s] -- Installing: /home/yu/me326_ros2_ws/install/locobot_base_control/share/locobot_base_control/environment/ament_prefix_path.sh
[0.978s] -- Installing: /home/yu/me326_ros2_ws/install/locobot_base_control/share/locobot_base_control/environment/ament_prefix_path.dsv
[0.978s] -- Installing: /home/yu/me326_ros2_ws/install/locobot_base_control/share/locobot_base_control/environment/path.sh
[0.978s] -- Installing: /home/yu/me326_ros2_ws/install/locobot_base_control/share/locobot_base_control/environment/path.dsv
[0.978s] -- Installing: /home/yu/me326_ros2_ws/install/locobot_base_control/share/locobot_base_control/local_setup.bash
[0.979s] -- Installing: /home/yu/me326_ros2_ws/install/locobot_base_control/share/locobot_base_control/local_setup.sh
[0.979s] -- Installing: /home/yu/me326_ros2_ws/install/locobot_base_control/share/locobot_base_control/local_setup.zsh
[0.979s] -- Installing: /home/yu/me326_ros2_ws/install/locobot_base_control/share/locobot_base_control/local_setup.dsv
[0.979s] -- Installing: /home/yu/me326_ros2_ws/install/locobot_base_control/share/locobot_base_control/package.dsv
[0.979s] -- Installing: /home/yu/me326_ros2_ws/install/locobot_base_control/share/ament_index/resource_index/packages/locobot_base_control
[0.979s] -- Installing: /home/yu/me326_ros2_ws/install/locobot_base_control/share/locobot_base_control/cmake/locobot_base_controlConfig.cmake
[0.979s] -- Installing: /home/yu/me326_ros2_ws/install/locobot_base_control/share/locobot_base_control/cmake/locobot_base_controlConfig-version.cmake
[0.979s] -- Installing: /home/yu/me326_ros2_ws/install/locobot_base_control/share/locobot_base_control/package.xml
[0.980s] Invoked command in '/home/yu/me326_ros2_ws/build/locobot_base_control' returned '0': CMAKE_PREFIX_PATH=/home/yu/me326_ros2_ws/install/locobot_base_control:/home/yu/interbotix_ws/install/interbotix_moveit_interface:/home/yu/interbotix_ws/install/moveit_visual_tools:/home/yu/interbotix_ws/install/interbotix_xslocobot_sim:/home/yu/interbotix_ws/install/interbotix_xslocobot_descriptions:/home/yu/interbotix_ws/install/interbotix_xs_toolbox:/home/yu/interbotix_ws/install/interbotix_xs_rviz:/home/yu/interbotix_ws/install/interbotix_xs_ros_control:/home/yu/interbotix_ws/install/interbotix_perception_toolbox:/home/yu/interbotix_ws/install/interbotix_perception_pipelines:/home/yu/interbotix_ws/install/interbotix_xs_msgs:/home/yu/interbotix_ws/install/interbotix_tf_tools:/home/yu/interbotix_ws/install/interbotix_perception_msgs:/home/yu/interbotix_ws/install/interbotix_moveit_interface_msgs:/home/yu/interbotix_ws/install/interbotix_common_toolbox:/home/yu/interbotix_ws/install/interbotix_common_sim:/home/yu/interbotix_ws/install/interbotix_xs_modules:/home/yu/interbotix_ws/install/interbotix_perception_modules:/home/yu/interbotix_ws/install/interbotix_common_modules:/opt/ros/galactic:/home/yu/me326_ws/install/me326_locobot_example /usr/bin/cmake --install /home/yu/me326_ros2_ws/build/locobot_base_control
