[0.122s] Invoking command in '/home/yu/me326_ros2_ws/build/locobot_base_control': CMAKE_PREFIX_PATH=/home/yu/me326_ros2_ws/install/locobot_base_control:/home/yu/interbotix_ws/install/interbotix_moveit_interface:/home/yu/interbotix_ws/install/moveit_visual_tools:/home/yu/interbotix_ws/install/interbotix_xslocobot_sim:/home/yu/interbotix_ws/install/interbotix_xslocobot_descriptions:/home/yu/interbotix_ws/install/interbotix_xs_toolbox:/home/yu/interbotix_ws/install/interbotix_xs_rviz:/home/yu/interbotix_ws/install/interbotix_xs_ros_control:/home/yu/interbotix_ws/install/interbotix_perception_toolbox:/home/yu/interbotix_ws/install/interbotix_perception_pipelines:/home/yu/interbotix_ws/install/interbotix_xs_msgs:/home/yu/interbotix_ws/install/interbotix_tf_tools:/home/yu/interbotix_ws/install/interbotix_perception_msgs:/home/yu/interbotix_ws/install/interbotix_moveit_interface_msgs:/home/yu/interbotix_ws/install/interbotix_common_toolbox:/home/yu/interbotix_ws/install/interbotix_common_sim:/home/yu/interbotix_ws/install/interbotix_xs_modules:/home/yu/interbotix_ws/install/interbotix_perception_modules:/home/yu/interbotix_ws/install/interbotix_common_modules:/opt/ros/galactic:/home/yu/me326_ws/install/me326_locobot_example /usr/bin/cmake /home/yu/me326_ros2_ws/src/locobot_base_control -DAMENT_CMAKE_SYMLINK_INSTALL=1 -DCMAKE_INSTALL_PREFIX=/home/yu/me326_ros2_ws/install/locobot_base_control
[0.130s] -- Found ament_cmake: 1.1.6 (/opt/ros/galactic/share/ament_cmake/cmake)
[0.143s] -- Using PYTHON_EXECUTABLE: /usr/bin/python3
[0.174s] -- Override CMake install command with custom implementation using symlinks instead of copying resources
[0.178s] -- Found rclcpp: 9.2.2 (/opt/ros/galactic/share/rclcpp/cmake)
[0.198s] -- Using all available rosidl_typesupport_c: rosidl_typesupport_fastrtps_c;rosidl_typesupport_introspection_c
[0.199s] -- Found rosidl_adapter: 2.2.3 (/opt/ros/galactic/share/rosidl_adapter/cmake)
[0.269s] -- Using all available rosidl_typesupport_cpp: rosidl_typesupport_fastrtps_cpp;rosidl_typesupport_introspection_cpp
[0.298s] -- Found rmw_implementation_cmake: 3.3.1 (/opt/ros/galactic/share/rmw_implementation_cmake/cmake)
[0.299s] -- Found rmw_cyclonedds_cpp: 0.22.6 (/opt/ros/galactic/share/rmw_cyclonedds_cpp/cmake)
[0.310s] -- Using RMW implementation 'rmw_cyclonedds_cpp' as default
[0.389s] -- Found ament_lint_auto: 0.10.7 (/opt/ros/galactic/share/ament_lint_auto/cmake)
[0.424s] -- Added test 'copyright' to check source files copyright and LICENSE
[0.425s] -- Added test 'flake8' to check Python code syntax and style conventions
[0.425s] -- Added test 'lint_cmake' to check CMake code style
[0.425s] -- Added test 'pep257' to check Python code against some of the style conventions in PEP 257
[0.425s] -- Added test 'xmllint' to check XML markup files
[0.427s] -- Configuring done
[0.427s] -- Generating done
[0.428s] -- Build files have been written to: /home/yu/me326_ros2_ws/build/locobot_base_control
[0.432s] Invoked command in '/home/yu/me326_ros2_ws/build/locobot_base_control' returned '0': CMAKE_PREFIX_PATH=/home/yu/me326_ros2_ws/install/locobot_base_control:/home/yu/interbotix_ws/install/interbotix_moveit_interface:/home/yu/interbotix_ws/install/moveit_visual_tools:/home/yu/interbotix_ws/install/interbotix_xslocobot_sim:/home/yu/interbotix_ws/install/interbotix_xslocobot_descriptions:/home/yu/interbotix_ws/install/interbotix_xs_toolbox:/home/yu/interbotix_ws/install/interbotix_xs_rviz:/home/yu/interbotix_ws/install/interbotix_xs_ros_control:/home/yu/interbotix_ws/install/interbotix_perception_toolbox:/home/yu/interbotix_ws/install/interbotix_perception_pipelines:/home/yu/interbotix_ws/install/interbotix_xs_msgs:/home/yu/interbotix_ws/install/interbotix_tf_tools:/home/yu/interbotix_ws/install/interbotix_perception_msgs:/home/yu/interbotix_ws/install/interbotix_moveit_interface_msgs:/home/yu/interbotix_ws/install/interbotix_common_toolbox:/home/yu/interbotix_ws/install/interbotix_common_sim:/home/yu/interbotix_ws/install/interbotix_xs_modules:/home/yu/interbotix_ws/install/interbotix_perception_modules:/home/yu/interbotix_ws/install/interbotix_common_modules:/opt/ros/galactic:/home/yu/me326_ws/install/me326_locobot_example /usr/bin/cmake /home/yu/me326_ros2_ws/src/locobot_base_control -DAMENT_CMAKE_SYMLINK_INSTALL=1 -DCMAKE_INSTALL_PREFIX=/home/yu/me326_ros2_ws/install/locobot_base_control
[0.433s] Invoking command in '/home/yu/me326_ros2_ws/build/locobot_base_control': CMAKE_PREFIX_PATH=/home/yu/me326_ros2_ws/install/locobot_base_control:/home/yu/interbotix_ws/install/interbotix_moveit_interface:/home/yu/interbotix_ws/install/moveit_visual_tools:/home/yu/interbotix_ws/install/interbotix_xslocobot_sim:/home/yu/interbotix_ws/install/interbotix_xslocobot_descriptions:/home/yu/interbotix_ws/install/interbotix_xs_toolbox:/home/yu/interbotix_ws/install/interbotix_xs_rviz:/home/yu/interbotix_ws/install/interbotix_xs_ros_control:/home/yu/interbotix_ws/install/interbotix_perception_toolbox:/home/yu/interbotix_ws/install/interbotix_perception_pipelines:/home/yu/interbotix_ws/install/interbotix_xs_msgs:/home/yu/interbotix_ws/install/interbotix_tf_tools:/home/yu/interbotix_ws/install/interbotix_perception_msgs:/home/yu/interbotix_ws/install/interbotix_moveit_interface_msgs:/home/yu/interbotix_ws/install/interbotix_common_toolbox:/home/yu/interbotix_ws/install/interbotix_common_sim:/home/yu/interbotix_ws/install/interbotix_xs_modules:/home/yu/interbotix_ws/install/interbotix_perception_modules:/home/yu/interbotix_ws/install/interbotix_common_modules:/opt/ros/galactic:/home/yu/me326_ws/install/me326_locobot_example /usr/bin/cmake --build /home/yu/me326_ros2_ws/build/locobot_base_control -- -j20 -l20
[0.457s] Invoked command in '/home/yu/me326_ros2_ws/build/locobot_base_control' returned '0': CMAKE_PREFIX_PATH=/home/yu/me326_ros2_ws/install/locobot_base_control:/home/yu/interbotix_ws/install/interbotix_moveit_interface:/home/yu/interbotix_ws/install/moveit_visual_tools:/home/yu/interbotix_ws/install/interbotix_xslocobot_sim:/home/yu/interbotix_ws/install/interbotix_xslocobot_descriptions:/home/yu/interbotix_ws/install/interbotix_xs_toolbox:/home/yu/interbotix_ws/install/interbotix_xs_rviz:/home/yu/interbotix_ws/install/interbotix_xs_ros_control:/home/yu/interbotix_ws/install/interbotix_perception_toolbox:/home/yu/interbotix_ws/install/interbotix_perception_pipelines:/home/yu/interbotix_ws/install/interbotix_xs_msgs:/home/yu/interbotix_ws/install/interbotix_tf_tools:/home/yu/interbotix_ws/install/interbotix_perception_msgs:/home/yu/interbotix_ws/install/interbotix_moveit_interface_msgs:/home/yu/interbotix_ws/install/interbotix_common_toolbox:/home/yu/interbotix_ws/install/interbotix_common_sim:/home/yu/interbotix_ws/install/interbotix_xs_modules:/home/yu/interbotix_ws/install/interbotix_perception_modules:/home/yu/interbotix_ws/install/interbotix_common_modules:/opt/ros/galactic:/home/yu/me326_ws/install/me326_locobot_example /usr/bin/cmake --build /home/yu/me326_ros2_ws/build/locobot_base_control -- -j20 -l20
[0.480s] Invoking command in '/home/yu/me326_ros2_ws/build/locobot_base_control': CMAKE_PREFIX_PATH=/home/yu/me326_ros2_ws/install/locobot_base_control:/home/yu/interbotix_ws/install/interbotix_moveit_interface:/home/yu/interbotix_ws/install/moveit_visual_tools:/home/yu/interbotix_ws/install/interbotix_xslocobot_sim:/home/yu/interbotix_ws/install/interbotix_xslocobot_descriptions:/home/yu/interbotix_ws/install/interbotix_xs_toolbox:/home/yu/interbotix_ws/install/interbotix_xs_rviz:/home/yu/interbotix_ws/install/interbotix_xs_ros_control:/home/yu/interbotix_ws/install/interbotix_perception_toolbox:/home/yu/interbotix_ws/install/interbotix_perception_pipelines:/home/yu/interbotix_ws/install/interbotix_xs_msgs:/home/yu/interbotix_ws/install/interbotix_tf_tools:/home/yu/interbotix_ws/install/interbotix_perception_msgs:/home/yu/interbotix_ws/install/interbotix_moveit_interface_msgs:/home/yu/interbotix_ws/install/interbotix_common_toolbox:/home/yu/interbotix_ws/install/interbotix_common_sim:/home/yu/interbotix_ws/install/interbotix_xs_modules:/home/yu/interbotix_ws/install/interbotix_perception_modules:/home/yu/interbotix_ws/install/interbotix_common_modules:/opt/ros/galactic:/home/yu/me326_ws/install/me326_locobot_example /usr/bin/cmake --install /home/yu/me326_ros2_ws/build/locobot_base_control
[0.486s] -- Install configuration: ""
[0.486s] -- Execute custom install script
[0.486s] -- Symlinking: /home/yu/me326_ros2_ws/install/locobot_base_control/share/locobot_base_control//launch/circular_control.launch.py
[0.492s] -- Symlinking: /home/yu/me326_ros2_ws/install/locobot_base_control/lib/locobot_base_control/circular_control.py
[0.497s] -- Symlinking: /home/yu/me326_ros2_ws/install/locobot_base_control/share/ament_index/resource_index/package_run_dependencies/locobot_base_control
[0.501s] -- Symlinking: /home/yu/me326_ros2_ws/install/locobot_base_control/share/ament_index/resource_index/parent_prefix_path/locobot_base_control
[0.506s] -- Symlinking: /home/yu/me326_ros2_ws/install/locobot_base_control/share/locobot_base_control/environment/ament_prefix_path.sh
[0.511s] -- Symlinking: /home/yu/me326_ros2_ws/install/locobot_base_control/share/locobot_base_control/environment/ament_prefix_path.dsv
[0.516s] -- Symlinking: /home/yu/me326_ros2_ws/install/locobot_base_control/share/locobot_base_control/environment/path.sh
[0.520s] -- Symlinking: /home/yu/me326_ros2_ws/install/locobot_base_control/share/locobot_base_control/environment/path.dsv
[0.525s] -- Symlinking: /home/yu/me326_ros2_ws/install/locobot_base_control/share/locobot_base_control/local_setup.bash
[0.530s] -- Symlinking: /home/yu/me326_ros2_ws/install/locobot_base_control/share/locobot_base_control/local_setup.sh
[0.534s] -- Symlinking: /home/yu/me326_ros2_ws/install/locobot_base_control/share/locobot_base_control/local_setup.zsh
[0.540s] -- Symlinking: /home/yu/me326_ros2_ws/install/locobot_base_control/share/locobot_base_control/local_setup.dsv
[0.544s] -- Symlinking: /home/yu/me326_ros2_ws/install/locobot_base_control/share/locobot_base_control/package.dsv
[0.549s] -- Symlinking: /home/yu/me326_ros2_ws/install/locobot_base_control/share/ament_index/resource_index/packages/locobot_base_control
[0.554s] -- Symlinking: /home/yu/me326_ros2_ws/install/locobot_base_control/share/locobot_base_control/cmake/locobot_base_controlConfig.cmake
[0.559s] -- Symlinking: /home/yu/me326_ros2_ws/install/locobot_base_control/share/locobot_base_control/cmake/locobot_base_controlConfig-version.cmake
[0.564s] -- Symlinking: /home/yu/me326_ros2_ws/install/locobot_base_control/share/locobot_base_control/package.xml
[0.569s] Invoked command in '/home/yu/me326_ros2_ws/build/locobot_base_control' returned '0': CMAKE_PREFIX_PATH=/home/yu/me326_ros2_ws/install/locobot_base_control:/home/yu/interbotix_ws/install/interbotix_moveit_interface:/home/yu/interbotix_ws/install/moveit_visual_tools:/home/yu/interbotix_ws/install/interbotix_xslocobot_sim:/home/yu/interbotix_ws/install/interbotix_xslocobot_descriptions:/home/yu/interbotix_ws/install/interbotix_xs_toolbox:/home/yu/interbotix_ws/install/interbotix_xs_rviz:/home/yu/interbotix_ws/install/interbotix_xs_ros_control:/home/yu/interbotix_ws/install/interbotix_perception_toolbox:/home/yu/interbotix_ws/install/interbotix_perception_pipelines:/home/yu/interbotix_ws/install/interbotix_xs_msgs:/home/yu/interbotix_ws/install/interbotix_tf_tools:/home/yu/interbotix_ws/install/interbotix_perception_msgs:/home/yu/interbotix_ws/install/interbotix_moveit_interface_msgs:/home/yu/interbotix_ws/install/interbotix_common_toolbox:/home/yu/interbotix_ws/install/interbotix_common_sim:/home/yu/interbotix_ws/install/interbotix_xs_modules:/home/yu/interbotix_ws/install/interbotix_perception_modules:/home/yu/interbotix_ws/install/interbotix_common_modules:/opt/ros/galactic:/home/yu/me326_ws/install/me326_locobot_example /usr/bin/cmake --install /home/yu/me326_ros2_ws/build/locobot_base_control
