[1.068s] DEBUG:colcon:Command line arguments: ['/usr/bin/colcon', 'build']
[1.068s] DEBUG:colcon:Parsed command line arguments: Namespace(allow_overriding=[], ament_cmake_args=None, base_paths=['.'], build_base='build', catkin_cmake_args=None, catkin_skip_building_tests=False, cmake_args=None, cmake_clean_cache=False, cmake_clean_first=False, cmake_force_configure=False, cmake_target=None, cmake_target_skip_unavailable=False, continue_on_error=False, event_handlers=None, executor='parallel', ignore_user_meta=False, install_base='install', log_base=None, log_level=None, main=<bound method BuildVerb.main of <colcon_core.verb.build.BuildVerb object at 0x7f9cd4305880>>, merge_install=False, metas=['./colcon.meta'], packages_above=None, packages_above_and_dependencies=None, packages_above_depth=None, packages_end=None, packages_ignore=None, packages_ignore_regex=None, packages_select=None, packages_select_build_failed=False, packages_select_by_dep=None, packages_select_regex=None, packages_select_test_failures=False, packages_skip=None, packages_skip_build_finished=False, packages_skip_by_dep=None, packages_skip_regex=None, packages_skip_test_passed=False, packages_skip_up_to=None, packages_start=None, packages_up_to=None, packages_up_to_regex=None, parallel_workers=20, paths=None, symlink_install=False, test_result_base=None, verb_extension=<colcon_core.verb.build.BuildVerb object at 0x7f9cd4305880>, verb_name='build', verb_parser=<colcon_defaults.argument_parser.defaults.DefaultArgumentsDecorator object at 0x7f9cd43054f0>)
[1.114s] Level 1:colcon.colcon_core.package_discovery:discover_packages(colcon_meta) check parameters
[1.115s] Level 1:colcon.colcon_core.package_discovery:discover_packages(recursive) check parameters
[1.115s] Level 1:colcon.colcon_core.package_discovery:discover_packages(ignore) check parameters
[1.115s] Level 1:colcon.colcon_core.package_discovery:discover_packages(path) check parameters
[1.115s] Level 1:colcon.colcon_core.package_discovery:discover_packages(colcon_meta) discover
[1.115s] Level 1:colcon.colcon_core.package_discovery:discover_packages(recursive) discover
[1.115s] INFO:colcon.colcon_core.package_discovery:Crawling recursively for packages in '/home/yu/me326_ros2_ws'
[1.115s] Level 1:colcon.colcon_core.package_identification:_identify(.) by extensions ['ignore', 'ignore_ament_install']
[1.115s] Level 1:colcon.colcon_core.package_identification:_identify(.) by extension 'ignore'
[1.115s] Level 1:colcon.colcon_core.package_identification:_identify(.) by extension 'ignore_ament_install'
[1.115s] Level 1:colcon.colcon_core.package_identification:_identify(.) by extensions ['colcon_pkg']
[1.115s] Level 1:colcon.colcon_core.package_identification:_identify(.) by extension 'colcon_pkg'
[1.115s] Level 1:colcon.colcon_core.package_identification:_identify(.) by extensions ['colcon_meta']
[1.115s] Level 1:colcon.colcon_core.package_identification:_identify(.) by extension 'colcon_meta'
[1.115s] Level 1:colcon.colcon_core.package_identification:_identify(.) by extensions ['ros']
[1.115s] Level 1:colcon.colcon_core.package_identification:_identify(.) by extension 'ros'
[1.121s] Level 1:colcon.colcon_core.package_identification:_identify(.) by extensions ['cmake', 'python']
[1.121s] Level 1:colcon.colcon_core.package_identification:_identify(.) by extension 'cmake'
[1.121s] Level 1:colcon.colcon_core.package_identification:_identify(.) by extension 'python'
[1.121s] Level 1:colcon.colcon_core.package_identification:_identify(.) by extensions ['python_setup_py']
[1.121s] Level 1:colcon.colcon_core.package_identification:_identify(.) by extension 'python_setup_py'
[1.121s] Level 1:colcon.colcon_core.package_identification:_identify(build) by extensions ['ignore', 'ignore_ament_install']
[1.121s] Level 1:colcon.colcon_core.package_identification:_identify(build) by extension 'ignore'
[1.121s] Level 1:colcon.colcon_core.package_identification:_identify(build) ignored
[1.121s] Level 1:colcon.colcon_core.package_identification:_identify(install) by extensions ['ignore', 'ignore_ament_install']
[1.121s] Level 1:colcon.colcon_core.package_identification:_identify(install) by extension 'ignore'
[1.121s] Level 1:colcon.colcon_core.package_identification:_identify(install) ignored
[1.121s] Level 1:colcon.colcon_core.package_identification:_identify(log) by extensions ['ignore', 'ignore_ament_install']
[1.121s] Level 1:colcon.colcon_core.package_identification:_identify(log) by extension 'ignore'
[1.121s] Level 1:colcon.colcon_core.package_identification:_identify(log) ignored
[1.121s] Level 1:colcon.colcon_core.package_identification:_identify(resulted_data) by extensions ['ignore', 'ignore_ament_install']
[1.121s] Level 1:colcon.colcon_core.package_identification:_identify(resulted_data) by extension 'ignore'
[1.121s] Level 1:colcon.colcon_core.package_identification:_identify(resulted_data) by extension 'ignore_ament_install'
[1.121s] Level 1:colcon.colcon_core.package_identification:_identify(resulted_data) by extensions ['colcon_pkg']
[1.121s] Level 1:colcon.colcon_core.package_identification:_identify(resulted_data) by extension 'colcon_pkg'
[1.121s] Level 1:colcon.colcon_core.package_identification:_identify(resulted_data) by extensions ['colcon_meta']
[1.121s] Level 1:colcon.colcon_core.package_identification:_identify(resulted_data) by extension 'colcon_meta'
[1.121s] Level 1:colcon.colcon_core.package_identification:_identify(resulted_data) by extensions ['ros']
[1.121s] Level 1:colcon.colcon_core.package_identification:_identify(resulted_data) by extension 'ros'
[1.121s] Level 1:colcon.colcon_core.package_identification:_identify(resulted_data) by extensions ['cmake', 'python']
[1.121s] Level 1:colcon.colcon_core.package_identification:_identify(resulted_data) by extension 'cmake'
[1.121s] Level 1:colcon.colcon_core.package_identification:_identify(resulted_data) by extension 'python'
[1.121s] Level 1:colcon.colcon_core.package_identification:_identify(resulted_data) by extensions ['python_setup_py']
[1.121s] Level 1:colcon.colcon_core.package_identification:_identify(resulted_data) by extension 'python_setup_py'
[1.121s] Level 1:colcon.colcon_core.package_identification:_identify(src) by extensions ['ignore', 'ignore_ament_install']
[1.121s] Level 1:colcon.colcon_core.package_identification:_identify(src) by extension 'ignore'
[1.121s] Level 1:colcon.colcon_core.package_identification:_identify(src) by extension 'ignore_ament_install'
[1.121s] Level 1:colcon.colcon_core.package_identification:_identify(src) by extensions ['colcon_pkg']
[1.121s] Level 1:colcon.colcon_core.package_identification:_identify(src) by extension 'colcon_pkg'
[1.121s] Level 1:colcon.colcon_core.package_identification:_identify(src) by extensions ['colcon_meta']
[1.121s] Level 1:colcon.colcon_core.package_identification:_identify(src) by extension 'colcon_meta'
[1.121s] Level 1:colcon.colcon_core.package_identification:_identify(src) by extensions ['ros']
[1.121s] Level 1:colcon.colcon_core.package_identification:_identify(src) by extension 'ros'
[1.121s] Level 1:colcon.colcon_core.package_identification:_identify(src) by extensions ['cmake', 'python']
[1.121s] Level 1:colcon.colcon_core.package_identification:_identify(src) by extension 'cmake'
[1.121s] Level 1:colcon.colcon_core.package_identification:_identify(src) by extension 'python'
[1.121s] Level 1:colcon.colcon_core.package_identification:_identify(src) by extensions ['python_setup_py']
[1.122s] Level 1:colcon.colcon_core.package_identification:_identify(src) by extension 'python_setup_py'
[1.122s] Level 1:colcon.colcon_core.package_identification:_identify(src/locobot_base_control) by extensions ['ignore', 'ignore_ament_install']
[1.122s] Level 1:colcon.colcon_core.package_identification:_identify(src/locobot_base_control) by extension 'ignore'
[1.122s] Level 1:colcon.colcon_core.package_identification:_identify(src/locobot_base_control) by extension 'ignore_ament_install'
[1.122s] Level 1:colcon.colcon_core.package_identification:_identify(src/locobot_base_control) by extensions ['colcon_pkg']
[1.122s] Level 1:colcon.colcon_core.package_identification:_identify(src/locobot_base_control) by extension 'colcon_pkg'
[1.122s] Level 1:colcon.colcon_core.package_identification:_identify(src/locobot_base_control) by extensions ['colcon_meta']
[1.122s] Level 1:colcon.colcon_core.package_identification:_identify(src/locobot_base_control) by extension 'colcon_meta'
[1.122s] Level 1:colcon.colcon_core.package_identification:_identify(src/locobot_base_control) by extensions ['ros']
[1.122s] Level 1:colcon.colcon_core.package_identification:_identify(src/locobot_base_control) by extension 'ros'
[1.123s] DEBUG:colcon.colcon_core.package_identification:Package 'src/locobot_base_control' with type 'ros.ament_cmake' and name 'locobot_base_control'
[1.123s] Level 1:colcon.colcon_core.package_discovery:discover_packages(recursive) using defaults
[1.123s] Level 1:colcon.colcon_core.package_discovery:discover_packages(ignore) discover
[1.123s] Level 1:colcon.colcon_core.package_discovery:discover_packages(ignore) using defaults
[1.123s] Level 1:colcon.colcon_core.package_discovery:discover_packages(path) discover
[1.123s] Level 1:colcon.colcon_core.package_discovery:discover_packages(path) using defaults
[1.222s] Level 1:colcon.colcon_core.package_discovery:discover_packages(prefix_path) check parameters
[1.222s] Level 1:colcon.colcon_core.package_discovery:discover_packages(prefix_path) discover
[1.240s] WARNING:colcon.colcon_ros.prefix_path.ament:The path '/home/yu/me326_ros2_ws/install/locobot_base_control' in the environment variable AMENT_PREFIX_PATH doesn't exist
[1.240s] WARNING:colcon.colcon_ros.prefix_path.catkin:The path '/home/yu/me326_ros2_ws/install/locobot_base_control' in the environment variable CMAKE_PREFIX_PATH doesn't exist
[1.259s] DEBUG:colcon.colcon_installed_package_information.package_discovery:Found 18 installed packages in /home/yu/interbotix_ws/install
[1.282s] DEBUG:colcon.colcon_installed_package_information.package_discovery:Found 1 installed packages in /home/yu/me326_ws/install
[1.300s] DEBUG:colcon.colcon_installed_package_information.package_discovery:Found 0 installed packages in /home/yu/me326_ros2_ws/install
[1.318s] DEBUG:colcon.colcon_installed_package_information.package_discovery:Found 335 installed packages in /opt/ros/galactic
[1.319s] Level 1:colcon.colcon_core.package_discovery:discover_packages(prefix_path) using defaults
[1.395s] Level 5:colcon.colcon_core.verb:set package 'locobot_base_control' build argument 'cmake_args' from command line to 'None'
[1.395s] Level 5:colcon.colcon_core.verb:set package 'locobot_base_control' build argument 'cmake_target' from command line to 'None'
[1.395s] Level 5:colcon.colcon_core.verb:set package 'locobot_base_control' build argument 'cmake_target_skip_unavailable' from command line to 'False'
[1.395s] Level 5:colcon.colcon_core.verb:set package 'locobot_base_control' build argument 'cmake_clean_cache' from command line to 'False'
[1.395s] Level 5:colcon.colcon_core.verb:set package 'locobot_base_control' build argument 'cmake_clean_first' from command line to 'False'
[1.395s] Level 5:colcon.colcon_core.verb:set package 'locobot_base_control' build argument 'cmake_force_configure' from command line to 'False'
[1.395s] Level 5:colcon.colcon_core.verb:set package 'locobot_base_control' build argument 'ament_cmake_args' from command line to 'None'
[1.395s] Level 5:colcon.colcon_core.verb:set package 'locobot_base_control' build argument 'catkin_cmake_args' from command line to 'None'
[1.395s] Level 5:colcon.colcon_core.verb:set package 'locobot_base_control' build argument 'catkin_skip_building_tests' from command line to 'False'
[1.395s] DEBUG:colcon.colcon_core.verb:Building package 'locobot_base_control' with the following arguments: {'ament_cmake_args': None, 'build_base': '/home/yu/me326_ros2_ws/build/locobot_base_control', 'catkin_cmake_args': None, 'catkin_skip_building_tests': False, 'cmake_args': None, 'cmake_clean_cache': False, 'cmake_clean_first': False, 'cmake_force_configure': False, 'cmake_target': None, 'cmake_target_skip_unavailable': False, 'install_base': '/home/yu/me326_ros2_ws/install/locobot_base_control', 'merge_install': False, 'path': '/home/yu/me326_ros2_ws/src/locobot_base_control', 'symlink_install': False, 'test_result_base': None}
[1.412s] INFO:colcon.colcon_core.executor:Executing jobs using 'parallel' executor
[1.430s] DEBUG:colcon.colcon_parallel_executor.executor.parallel:run_until_complete
[1.430s] INFO:colcon.colcon_ros.task.ament_cmake.build:Building ROS package in '/home/yu/me326_ros2_ws/src/locobot_base_control' with build type 'ament_cmake'
[1.431s] INFO:colcon.colcon_cmake.task.cmake.build:Building CMake package in '/home/yu/me326_ros2_ws/src/locobot_base_control'
[1.450s] INFO:colcon.colcon_core.plugin_system:Skipping extension 'colcon_core.shell.bat': Not used on non-Windows systems
[1.450s] INFO:colcon.colcon_core.shell:Skip shell extension 'powershell' for command environment: Not usable outside of PowerShell
[1.450s] DEBUG:colcon.colcon_core.shell:Skip shell extension 'dsv' for command environment
[1.552s] DEBUG:colcon.colcon_core.event_handler.log_command:Invoking command in '/home/yu/me326_ros2_ws/build/locobot_base_control': CMAKE_PREFIX_PATH=/home/yu/me326_ros2_ws/install/locobot_base_control:/home/yu/interbotix_ws/install/interbotix_moveit_interface:/home/yu/interbotix_ws/install/moveit_visual_tools:/home/yu/interbotix_ws/install/interbotix_xslocobot_sim:/home/yu/interbotix_ws/install/interbotix_xslocobot_descriptions:/home/yu/interbotix_ws/install/interbotix_xs_toolbox:/home/yu/interbotix_ws/install/interbotix_xs_rviz:/home/yu/interbotix_ws/install/interbotix_xs_ros_control:/home/yu/interbotix_ws/install/interbotix_perception_toolbox:/home/yu/interbotix_ws/install/interbotix_perception_pipelines:/home/yu/interbotix_ws/install/interbotix_xs_msgs:/home/yu/interbotix_ws/install/interbotix_tf_tools:/home/yu/interbotix_ws/install/interbotix_perception_msgs:/home/yu/interbotix_ws/install/interbotix_moveit_interface_msgs:/home/yu/interbotix_ws/install/interbotix_common_toolbox:/home/yu/interbotix_ws/install/interbotix_common_sim:/home/yu/interbotix_ws/install/interbotix_xs_modules:/home/yu/interbotix_ws/install/interbotix_perception_modules:/home/yu/interbotix_ws/install/interbotix_common_modules:/opt/ros/galactic:/home/yu/me326_ws/install/me326_locobot_example /usr/bin/cmake /home/yu/me326_ros2_ws/src/locobot_base_control -DCMAKE_INSTALL_PREFIX=/home/yu/me326_ros2_ws/install/locobot_base_control
[2.361s] DEBUG:colcon.colcon_core.event_handler.log_command:Invoked command in '/home/yu/me326_ros2_ws/build/locobot_base_control' returned '0': CMAKE_PREFIX_PATH=/home/yu/me326_ros2_ws/install/locobot_base_control:/home/yu/interbotix_ws/install/interbotix_moveit_interface:/home/yu/interbotix_ws/install/moveit_visual_tools:/home/yu/interbotix_ws/install/interbotix_xslocobot_sim:/home/yu/interbotix_ws/install/interbotix_xslocobot_descriptions:/home/yu/interbotix_ws/install/interbotix_xs_toolbox:/home/yu/interbotix_ws/install/interbotix_xs_rviz:/home/yu/interbotix_ws/install/interbotix_xs_ros_control:/home/yu/interbotix_ws/install/interbotix_perception_toolbox:/home/yu/interbotix_ws/install/interbotix_perception_pipelines:/home/yu/interbotix_ws/install/interbotix_xs_msgs:/home/yu/interbotix_ws/install/interbotix_tf_tools:/home/yu/interbotix_ws/install/interbotix_perception_msgs:/home/yu/interbotix_ws/install/interbotix_moveit_interface_msgs:/home/yu/interbotix_ws/install/interbotix_common_toolbox:/home/yu/interbotix_ws/install/interbotix_common_sim:/home/yu/interbotix_ws/install/interbotix_xs_modules:/home/yu/interbotix_ws/install/interbotix_perception_modules:/home/yu/interbotix_ws/install/interbotix_common_modules:/opt/ros/galactic:/home/yu/me326_ws/install/me326_locobot_example /usr/bin/cmake /home/yu/me326_ros2_ws/src/locobot_base_control -DCMAKE_INSTALL_PREFIX=/home/yu/me326_ros2_ws/install/locobot_base_control
[2.361s] DEBUG:colcon.colcon_core.event_handler.log_command:Invoking command in '/home/yu/me326_ros2_ws/build/locobot_base_control': CMAKE_PREFIX_PATH=/home/yu/me326_ros2_ws/install/locobot_base_control:/home/yu/interbotix_ws/install/interbotix_moveit_interface:/home/yu/interbotix_ws/install/moveit_visual_tools:/home/yu/interbotix_ws/install/interbotix_xslocobot_sim:/home/yu/interbotix_ws/install/interbotix_xslocobot_descriptions:/home/yu/interbotix_ws/install/interbotix_xs_toolbox:/home/yu/interbotix_ws/install/interbotix_xs_rviz:/home/yu/interbotix_ws/install/interbotix_xs_ros_control:/home/yu/interbotix_ws/install/interbotix_perception_toolbox:/home/yu/interbotix_ws/install/interbotix_perception_pipelines:/home/yu/interbotix_ws/install/interbotix_xs_msgs:/home/yu/interbotix_ws/install/interbotix_tf_tools:/home/yu/interbotix_ws/install/interbotix_perception_msgs:/home/yu/interbotix_ws/install/interbotix_moveit_interface_msgs:/home/yu/interbotix_ws/install/interbotix_common_toolbox:/home/yu/interbotix_ws/install/interbotix_common_sim:/home/yu/interbotix_ws/install/interbotix_xs_modules:/home/yu/interbotix_ws/install/interbotix_perception_modules:/home/yu/interbotix_ws/install/interbotix_common_modules:/opt/ros/galactic:/home/yu/me326_ws/install/me326_locobot_example /usr/bin/cmake --build /home/yu/me326_ros2_ws/build/locobot_base_control -- -j20 -l20
[2.386s] DEBUG:colcon.colcon_core.event_handler.log_command:Invoked command in '/home/yu/me326_ros2_ws/build/locobot_base_control' returned '0': CMAKE_PREFIX_PATH=/home/yu/me326_ros2_ws/install/locobot_base_control:/home/yu/interbotix_ws/install/interbotix_moveit_interface:/home/yu/interbotix_ws/install/moveit_visual_tools:/home/yu/interbotix_ws/install/interbotix_xslocobot_sim:/home/yu/interbotix_ws/install/interbotix_xslocobot_descriptions:/home/yu/interbotix_ws/install/interbotix_xs_toolbox:/home/yu/interbotix_ws/install/interbotix_xs_rviz:/home/yu/interbotix_ws/install/interbotix_xs_ros_control:/home/yu/interbotix_ws/install/interbotix_perception_toolbox:/home/yu/interbotix_ws/install/interbotix_perception_pipelines:/home/yu/interbotix_ws/install/interbotix_xs_msgs:/home/yu/interbotix_ws/install/interbotix_tf_tools:/home/yu/interbotix_ws/install/interbotix_perception_msgs:/home/yu/interbotix_ws/install/interbotix_moveit_interface_msgs:/home/yu/interbotix_ws/install/interbotix_common_toolbox:/home/yu/interbotix_ws/install/interbotix_common_sim:/home/yu/interbotix_ws/install/interbotix_xs_modules:/home/yu/interbotix_ws/install/interbotix_perception_modules:/home/yu/interbotix_ws/install/interbotix_common_modules:/opt/ros/galactic:/home/yu/me326_ws/install/me326_locobot_example /usr/bin/cmake --build /home/yu/me326_ros2_ws/build/locobot_base_control -- -j20 -l20
[2.404s] DEBUG:colcon.colcon_core.event_handler.log_command:Invoking command in '/home/yu/me326_ros2_ws/build/locobot_base_control': CMAKE_PREFIX_PATH=/home/yu/me326_ros2_ws/install/locobot_base_control:/home/yu/interbotix_ws/install/interbotix_moveit_interface:/home/yu/interbotix_ws/install/moveit_visual_tools:/home/yu/interbotix_ws/install/interbotix_xslocobot_sim:/home/yu/interbotix_ws/install/interbotix_xslocobot_descriptions:/home/yu/interbotix_ws/install/interbotix_xs_toolbox:/home/yu/interbotix_ws/install/interbotix_xs_rviz:/home/yu/interbotix_ws/install/interbotix_xs_ros_control:/home/yu/interbotix_ws/install/interbotix_perception_toolbox:/home/yu/interbotix_ws/install/interbotix_perception_pipelines:/home/yu/interbotix_ws/install/interbotix_xs_msgs:/home/yu/interbotix_ws/install/interbotix_tf_tools:/home/yu/interbotix_ws/install/interbotix_perception_msgs:/home/yu/interbotix_ws/install/interbotix_moveit_interface_msgs:/home/yu/interbotix_ws/install/interbotix_common_toolbox:/home/yu/interbotix_ws/install/interbotix_common_sim:/home/yu/interbotix_ws/install/interbotix_xs_modules:/home/yu/interbotix_ws/install/interbotix_perception_modules:/home/yu/interbotix_ws/install/interbotix_common_modules:/opt/ros/galactic:/home/yu/me326_ws/install/me326_locobot_example /usr/bin/cmake --install /home/yu/me326_ros2_ws/build/locobot_base_control
[2.410s] Level 1:colcon.colcon_core.environment:create_environment_scripts_only(locobot_base_control)
[2.411s] DEBUG:colcon.colcon_core.event_handler.log_command:Invoked command in '/home/yu/me326_ros2_ws/build/locobot_base_control' returned '0': CMAKE_PREFIX_PATH=/home/yu/me326_ros2_ws/install/locobot_base_control:/home/yu/interbotix_ws/install/interbotix_moveit_interface:/home/yu/interbotix_ws/install/moveit_visual_tools:/home/yu/interbotix_ws/install/interbotix_xslocobot_sim:/home/yu/interbotix_ws/install/interbotix_xslocobot_descriptions:/home/yu/interbotix_ws/install/interbotix_xs_toolbox:/home/yu/interbotix_ws/install/interbotix_xs_rviz:/home/yu/interbotix_ws/install/interbotix_xs_ros_control:/home/yu/interbotix_ws/install/interbotix_perception_toolbox:/home/yu/interbotix_ws/install/interbotix_perception_pipelines:/home/yu/interbotix_ws/install/interbotix_xs_msgs:/home/yu/interbotix_ws/install/interbotix_tf_tools:/home/yu/interbotix_ws/install/interbotix_perception_msgs:/home/yu/interbotix_ws/install/interbotix_moveit_interface_msgs:/home/yu/interbotix_ws/install/interbotix_common_toolbox:/home/yu/interbotix_ws/install/interbotix_common_sim:/home/yu/interbotix_ws/install/interbotix_xs_modules:/home/yu/interbotix_ws/install/interbotix_perception_modules:/home/yu/interbotix_ws/install/interbotix_common_modules:/opt/ros/galactic:/home/yu/me326_ws/install/me326_locobot_example /usr/bin/cmake --install /home/yu/me326_ros2_ws/build/locobot_base_control
[2.432s] Level 1:colcon.colcon_core.environment:checking '/home/yu/me326_ros2_ws/install/locobot_base_control' for CMake module files
[2.432s] Level 1:colcon.colcon_core.environment:checking '/home/yu/me326_ros2_ws/install/locobot_base_control' for CMake config files
[2.432s] Level 1:colcon.colcon_core.shell:create_environment_hook('locobot_base_control', 'cmake_prefix_path')
[2.450s] INFO:colcon.colcon_core.shell:Creating environment hook '/home/yu/me326_ros2_ws/install/locobot_base_control/share/locobot_base_control/hook/cmake_prefix_path.ps1'
[2.451s] INFO:colcon.colcon_core.shell:Creating environment descriptor '/home/yu/me326_ros2_ws/install/locobot_base_control/share/locobot_base_control/hook/cmake_prefix_path.dsv'
[2.451s] INFO:colcon.colcon_core.shell:Creating environment hook '/home/yu/me326_ros2_ws/install/locobot_base_control/share/locobot_base_control/hook/cmake_prefix_path.sh'
[2.451s] Level 1:colcon.colcon_core.environment:checking '/home/yu/me326_ros2_ws/install/locobot_base_control/lib'
[2.451s] Level 1:colcon.colcon_core.environment:checking '/home/yu/me326_ros2_ws/install/locobot_base_control/bin'
[2.451s] Level 1:colcon.colcon_core.environment:checking '/home/yu/me326_ros2_ws/install/locobot_base_control/lib/pkgconfig/locobot_base_control.pc'
[2.452s] Level 1:colcon.colcon_core.environment:checking '/home/yu/me326_ros2_ws/install/locobot_base_control/lib/python3.8/site-packages'
[2.452s] Level 1:colcon.colcon_core.environment:checking '/home/yu/me326_ros2_ws/install/locobot_base_control/bin'
[2.470s] INFO:colcon.colcon_core.shell:Creating package script '/home/yu/me326_ros2_ws/install/locobot_base_control/share/locobot_base_control/package.ps1'
[2.470s] INFO:colcon.colcon_core.shell:Creating package descriptor '/home/yu/me326_ros2_ws/install/locobot_base_control/share/locobot_base_control/package.dsv'
[2.471s] INFO:colcon.colcon_core.shell:Creating package script '/home/yu/me326_ros2_ws/install/locobot_base_control/share/locobot_base_control/package.sh'
[2.471s] INFO:colcon.colcon_core.shell:Creating package script '/home/yu/me326_ros2_ws/install/locobot_base_control/share/locobot_base_control/package.bash'
[2.471s] INFO:colcon.colcon_core.shell:Creating package script '/home/yu/me326_ros2_ws/install/locobot_base_control/share/locobot_base_control/package.zsh'
[2.471s] Level 1:colcon.colcon_core.environment:create_file_with_runtime_dependencies(/home/yu/me326_ros2_ws/install/locobot_base_control/share/colcon-core/packages/locobot_base_control)
[2.502s] Level 1:colcon.colcon_core.environment:create_environment_scripts_only(locobot_base_control)
[2.521s] Level 1:colcon.colcon_core.environment:checking '/home/yu/me326_ros2_ws/install/locobot_base_control' for CMake module files
[2.521s] Level 1:colcon.colcon_core.environment:checking '/home/yu/me326_ros2_ws/install/locobot_base_control' for CMake config files
[2.521s] Level 1:colcon.colcon_core.shell:create_environment_hook('locobot_base_control', 'cmake_prefix_path')
[2.540s] INFO:colcon.colcon_core.shell:Creating environment hook '/home/yu/me326_ros2_ws/install/locobot_base_control/share/locobot_base_control/hook/cmake_prefix_path.ps1'
[2.540s] INFO:colcon.colcon_core.shell:Creating environment descriptor '/home/yu/me326_ros2_ws/install/locobot_base_control/share/locobot_base_control/hook/cmake_prefix_path.dsv'
[2.540s] INFO:colcon.colcon_core.shell:Creating environment hook '/home/yu/me326_ros2_ws/install/locobot_base_control/share/locobot_base_control/hook/cmake_prefix_path.sh'
[2.541s] Level 1:colcon.colcon_core.environment:checking '/home/yu/me326_ros2_ws/install/locobot_base_control/lib'
[2.541s] Level 1:colcon.colcon_core.environment:checking '/home/yu/me326_ros2_ws/install/locobot_base_control/bin'
[2.541s] Level 1:colcon.colcon_core.environment:checking '/home/yu/me326_ros2_ws/install/locobot_base_control/lib/pkgconfig/locobot_base_control.pc'
[2.541s] Level 1:colcon.colcon_core.environment:checking '/home/yu/me326_ros2_ws/install/locobot_base_control/lib/python3.8/site-packages'
[2.541s] Level 1:colcon.colcon_core.environment:checking '/home/yu/me326_ros2_ws/install/locobot_base_control/bin'
[2.559s] INFO:colcon.colcon_core.shell:Creating package script '/home/yu/me326_ros2_ws/install/locobot_base_control/share/locobot_base_control/package.ps1'
[2.559s] INFO:colcon.colcon_core.shell:Creating package descriptor '/home/yu/me326_ros2_ws/install/locobot_base_control/share/locobot_base_control/package.dsv'
[2.559s] INFO:colcon.colcon_core.shell:Creating package script '/home/yu/me326_ros2_ws/install/locobot_base_control/share/locobot_base_control/package.sh'
[2.559s] INFO:colcon.colcon_core.shell:Creating package script '/home/yu/me326_ros2_ws/install/locobot_base_control/share/locobot_base_control/package.bash'
[2.560s] INFO:colcon.colcon_core.shell:Creating package script '/home/yu/me326_ros2_ws/install/locobot_base_control/share/locobot_base_control/package.zsh'
[2.560s] Level 1:colcon.colcon_core.environment:create_file_with_runtime_dependencies(/home/yu/me326_ros2_ws/install/locobot_base_control/share/colcon-core/packages/locobot_base_control)
[2.560s] DEBUG:colcon.colcon_parallel_executor.executor.parallel:closing loop
[2.560s] DEBUG:colcon.colcon_parallel_executor.executor.parallel:loop closed
[2.560s] DEBUG:colcon.colcon_parallel_executor.executor.parallel:run_until_complete finished with '0'
[2.560s] DEBUG:colcon.colcon_core.event_reactor:joining thread
[2.581s] INFO:colcon.colcon_core.plugin_system:Skipping extension 'colcon_notification.desktop_notification.terminal_notifier': Not used on non-Darwin systems
[2.581s] INFO:colcon.colcon_core.plugin_system:Skipping extension 'colcon_notification.desktop_notification.win32': Not used on non-Windows systems
[2.581s] INFO:colcon.colcon_notification.desktop_notification:Sending desktop notification using 'notify2'
[2.591s] DEBUG:colcon.colcon_core.event_reactor:joined thread
[2.610s] INFO:colcon.colcon_core.shell:Creating prefix script '/home/yu/me326_ros2_ws/install/local_setup.ps1'
[2.610s] INFO:colcon.colcon_core.shell:Creating prefix util module '/home/yu/me326_ros2_ws/install/_local_setup_util_ps1.py'
[2.611s] INFO:colcon.colcon_core.shell:Creating prefix chain script '/home/yu/me326_ros2_ws/install/setup.ps1'
[2.630s] INFO:colcon.colcon_core.shell:Creating prefix script '/home/yu/me326_ros2_ws/install/local_setup.sh'
[2.630s] INFO:colcon.colcon_core.shell:Creating prefix util module '/home/yu/me326_ros2_ws/install/_local_setup_util_sh.py'
[2.630s] INFO:colcon.colcon_core.shell:Creating prefix chain script '/home/yu/me326_ros2_ws/install/setup.sh'
[2.649s] INFO:colcon.colcon_core.shell:Creating prefix script '/home/yu/me326_ros2_ws/install/local_setup.bash'
[2.649s] INFO:colcon.colcon_core.shell:Creating prefix chain script '/home/yu/me326_ros2_ws/install/setup.bash'
[2.669s] INFO:colcon.colcon_core.shell:Creating prefix script '/home/yu/me326_ros2_ws/install/local_setup.zsh'
[2.669s] INFO:colcon.colcon_core.shell:Creating prefix chain script '/home/yu/me326_ros2_ws/install/setup.zsh'
